{"/home/joseph/Projects/gif-editor/src/lib/commands.ts": {"path":"/home/joseph/Projects/gif-editor/src/lib/commands.ts","statementMap":{"0":{"start":{"line":5,"column":2},"end":{"line":5,"column":null}},"1":{"start":{"line":9,"column":2},"end":{"line":9,"column":null}},"2":{"start":{"line":13,"column":2},"end":{"line":13,"column":null}},"3":{"start":{"line":17,"column":2},"end":{"line":17,"column":null}},"4":{"start":{"line":27,"column":2},"end":{"line":27,"column":null}},"5":{"start":{"line":31,"column":2},"end":{"line":31,"column":null}},"6":{"start":{"line":35,"column":2},"end":{"line":35,"column":null}},"7":{"start":{"line":39,"column":2},"end":{"line":39,"column":null}},"8":{"start":{"line":43,"column":2},"end":{"line":43,"column":null}},"9":{"start":{"line":47,"column":2},"end":{"line":47,"column":null}},"10":{"start":{"line":51,"column":2},"end":{"line":51,"column":null}},"11":{"start":{"line":55,"column":2},"end":{"line":55,"column":null}},"12":{"start":{"line":59,"column":2},"end":{"line":59,"column":null}},"13":{"start":{"line":63,"column":2},"end":{"line":63,"column":null}},"14":{"start":{"line":67,"column":2},"end":{"line":67,"column":null}},"15":{"start":{"line":71,"column":2},"end":{"line":71,"column":null}}},"fnMap":{"0":{"name":"openFile","decl":{"start":{"line":4,"column":22},"end":{"line":4,"column":31}},"loc":{"start":{"line":4,"column":67},"end":{"line":5,"column":null}},"line":4},"1":{"name":"openGif","decl":{"start":{"line":8,"column":22},"end":{"line":8,"column":30}},"loc":{"start":{"line":8,"column":66},"end":{"line":9,"column":null}},"line":8},"2":{"name":"getFrame","decl":{"start":{"line":12,"column":22},"end":{"line":12,"column":31}},"loc":{"start":{"line":12,"column":68},"end":{"line":13,"column":null}},"line":12},"3":{"name":"addImageLayer","decl":{"start":{"line":16,"column":22},"end":{"line":16,"column":36}},"loc":{"start":{"line":16,"column":92},"end":{"line":17,"column":null}},"line":16},"4":{"name":"addTextLayer","decl":{"start":{"line":20,"column":22},"end":{"line":20,"column":null}},"loc":{"start":{"line":26,"column":22},"end":{"line":27,"column":null}},"line":26},"5":{"name":"updateLayer","decl":{"start":{"line":30,"column":22},"end":{"line":30,"column":34}},"loc":{"start":{"line":30,"column":88},"end":{"line":31,"column":null}},"line":30},"6":{"name":"removeLayer","decl":{"start":{"line":34,"column":22},"end":{"line":34,"column":34}},"loc":{"start":{"line":34,"column":61},"end":{"line":35,"column":null}},"line":34},"7":{"name":"reorderLayers","decl":{"start":{"line":38,"column":22},"end":{"line":38,"column":36}},"loc":{"start":{"line":38,"column":66},"end":{"line":39,"column":null}},"line":38},"8":{"name":"renderComposite","decl":{"start":{"line":42,"column":22},"end":{"line":42,"column":38}},"loc":{"start":{"line":42,"column":75},"end":{"line":43,"column":null}},"line":42},"9":{"name":"exportProject","decl":{"start":{"line":46,"column":22},"end":{"line":46,"column":36}},"loc":{"start":{"line":46,"column":97},"end":{"line":47,"column":null}},"line":46},"10":{"name":"getLayers","decl":{"start":{"line":50,"column":22},"end":{"line":50,"column":56}},"loc":{"start":{"line":50,"column":56},"end":{"line":51,"column":null}},"line":50},"11":{"name":"getSystemFonts","decl":{"start":{"line":54,"column":22},"end":{"line":54,"column":58}},"loc":{"start":{"line":54,"column":58},"end":{"line":55,"column":null}},"line":54},"12":{"name":"checkFfmpeg","decl":{"start":{"line":58,"column":22},"end":{"line":58,"column":54}},"loc":{"start":{"line":58,"column":54},"end":{"line":59,"column":null}},"line":58},"13":{"name":"deleteFrames","decl":{"start":{"line":62,"column":22},"end":{"line":62,"column":35}},"loc":{"start":{"line":62,"column":76},"end":{"line":63,"column":null}},"line":62},"14":{"name":"restoreFrames","decl":{"start":{"line":66,"column":22},"end":{"line":66,"column":36}},"loc":{"start":{"line":66,"column":83},"end":{"line":67,"column":null}},"line":66},"15":{"name":"getExcludedFrames","decl":{"start":{"line":70,"column":22},"end":{"line":70,"column":61}},"loc":{"start":{"line":70,"column":61},"end":{"line":71,"column":null}},"line":70}},"branchMap":{},"s":{"0":1,"1":1,"2":1,"3":1,"4":2,"5":1,"6":1,"7":1,"8":1,"9":1,"10":1,"11":1,"12":1,"13":1,"14":1,"15":1},"f":{"0":1,"1":1,"2":1,"3":1,"4":2,"5":1,"6":1,"7":1,"8":1,"9":1,"10":1,"11":1,"12":1,"13":1,"14":1,"15":1},"b":{},"meta":{"lastBranch":0,"lastFunction":16,"lastStatement":16,"seen":{"f:4:22:4:31":0,"s:5:2:5:Infinity":0,"f:8:22:8:30":1,"s:9:2:9:Infinity":1,"f:12:22:12:31":2,"s:13:2:13:Infinity":2,"f:16:22:16:36":3,"s:17:2:17:Infinity":3,"f:20:22:20:Infinity":4,"s:27:2:27:Infinity":4,"f:30:22:30:34":5,"s:31:2:31:Infinity":5,"f:34:22:34:34":6,"s:35:2:35:Infinity":6,"f:38:22:38:36":7,"s:39:2:39:Infinity":7,"f:42:22:42:38":8,"s:43:2:43:Infinity":8,"f:46:22:46:36":9,"s:47:2:47:Infinity":9,"f:50:22:50:56":10,"s:51:2:51:Infinity":10,"f:54:22:54:58":11,"s:55:2:55:Infinity":11,"f:58:22:58:54":12,"s:59:2:59:Infinity":12,"f:62:22:62:35":13,"s:63:2:63:Infinity":13,"f:66:22:66:36":14,"s:67:2:67:Infinity":14,"f:70:22:70:61":15,"s:71:2:71:Infinity":15}}}
,"/home/joseph/Projects/gif-editor/src/lib/stores/project.svelte.ts": {"path":"/home/joseph/Projects/gif-editor/src/lib/stores/project.svelte.ts","statementMap":{"0":{"start":{"line":5,"column":13},"end":{"line":5,"column":null}},"1":{"start":{"line":6,"column":11},"end":{"line":6,"column":null}},"2":{"start":{"line":7,"column":15},"end":{"line":7,"column":null}},"3":{"start":{"line":8,"column":19},"end":{"line":8,"column":null}},"4":{"start":{"line":10,"column":24},"end":{"line":10,"column":null}},"5":{"start":{"line":13,"column":4},"end":{"line":13,"column":null}},"6":{"start":{"line":14,"column":4},"end":{"line":14,"column":null}},"7":{"start":{"line":15,"column":4},"end":{"line":15,"column":null}},"8":{"start":{"line":16,"column":4},"end":{"line":16,"column":null}},"9":{"start":{"line":20,"column":8},"end":{"line":20,"column":null}},"10":{"start":{"line":20,"column":28},"end":{"line":20,"column":null}},"11":{"start":{"line":21,"column":10},"end":{"line":21,"column":null}},"12":{"start":{"line":22,"column":4},"end":{"line":22,"column":null}},"13":{"start":{"line":23,"column":11},"end":{"line":23,"column":null}},"14":{"start":{"line":27,"column":18},"end":{"line":27,"column":null}},"15":{"start":{"line":28,"column":4},"end":{"line":28,"column":null}},"16":{"start":{"line":30,"column":8},"end":{"line":32,"column":null}},"17":{"start":{"line":31,"column":6},"end":{"line":31,"column":null}},"18":{"start":{"line":32,"column":6},"end":{"line":32,"column":null}},"19":{"start":{"line":34,"column":11},"end":{"line":34,"column":null}},"20":{"start":{"line":38,"column":10},"end":{"line":38,"column":null}},"21":{"start":{"line":39,"column":4},"end":{"line":39,"column":null}},"22":{"start":{"line":40,"column":11},"end":{"line":40,"column":null}},"23":{"start":{"line":44,"column":10},"end":{"line":44,"column":null}},"24":{"start":{"line":45,"column":4},"end":{"line":45,"column":null}},"25":{"start":{"line":45,"column":35},"end":{"line":45,"column":null}},"26":{"start":{"line":46,"column":11},"end":{"line":46,"column":null}},"27":{"start":{"line":50,"column":10},"end":{"line":50,"column":null}},"28":{"start":{"line":51,"column":4},"end":{"line":51,"column":null}},"29":{"start":{"line":51,"column":38},"end":{"line":51,"column":null}},"30":{"start":{"line":55,"column":10},"end":{"line":55,"column":null}},"31":{"start":{"line":56,"column":20},"end":{"line":56,"column":null}},"32":{"start":{"line":56,"column":36},"end":{"line":56,"column":null}},"33":{"start":{"line":56,"column":54},"end":{"line":56,"column":null}},"34":{"start":{"line":57,"column":4},"end":{"line":57,"column":null}},"35":{"start":{"line":61,"column":4},"end":{"line":61,"column":null}},"36":{"start":{"line":65,"column":4},"end":{"line":65,"column":null}},"37":{"start":{"line":66,"column":4},"end":{"line":66,"column":null}},"38":{"start":{"line":67,"column":4},"end":{"line":67,"column":null}},"39":{"start":{"line":68,"column":4},"end":{"line":68,"column":null}},"40":{"start":{"line":72,"column":4},"end":{"line":72,"column":null}},"41":{"start":{"line":73,"column":4},"end":{"line":73,"column":null}},"42":{"start":{"line":74,"column":4},"end":{"line":74,"column":null}},"43":{"start":{"line":75,"column":4},"end":{"line":75,"column":null}},"44":{"start":{"line":79,"column":8},"end":{"line":79,"column":null}},"45":{"start":{"line":79,"column":39},"end":{"line":79,"column":null}},"46":{"start":{"line":80,"column":10},"end":{"line":80,"column":null}},"47":{"start":{"line":84,"column":13},"end":{"line":84,"column":null}}},"fnMap":{"0":{"name":"(anonymous_0)","decl":{"start":{"line":5,"column":2},"end":{"line":5,"column":13}},"loc":{"start":{"line":5,"column":2},"end":{"line":5,"column":13}},"line":5},"1":{"name":"(anonymous_1)","decl":{"start":{"line":6,"column":2},"end":{"line":6,"column":11}},"loc":{"start":{"line":6,"column":2},"end":{"line":6,"column":11}},"line":6},"2":{"name":"(anonymous_2)","decl":{"start":{"line":7,"column":2},"end":{"line":7,"column":15}},"loc":{"start":{"line":7,"column":2},"end":{"line":7,"column":15}},"line":7},"3":{"name":"(anonymous_3)","decl":{"start":{"line":8,"column":2},"end":{"line":8,"column":19}},"loc":{"start":{"line":8,"column":2},"end":{"line":8,"column":19}},"line":8},"4":{"name":"(anonymous_4)","decl":{"start":{"line":10,"column":6},"end":{"line":10,"column":15}},"loc":{"start":{"line":10,"column":15},"end":{"line":10,"column":null}},"line":10},"5":{"name":"(anonymous_5)","decl":{"start":{"line":12,"column":8},"end":{"line":12,"column":13}},"loc":{"start":{"line":12,"column":27},"end":{"line":16,"column":null}},"line":12},"6":{"name":"(anonymous_6)","decl":{"start":{"line":19,"column":8},"end":{"line":19,"column":21}},"loc":{"start":{"line":19,"column":53},"end":{"line":23,"column":null}},"line":19},"7":{"name":"(anonymous_7)","decl":{"start":{"line":26,"column":8},"end":{"line":26,"column":22}},"loc":{"start":{"line":26,"column":36},"end":{"line":34,"column":null}},"line":26},"8":{"name":"(anonymous_8)","decl":{"start":{"line":37,"column":8},"end":{"line":37,"column":21}},"loc":{"start":{"line":37,"column":35},"end":{"line":40,"column":null}},"line":37},"9":{"name":"(anonymous_9)","decl":{"start":{"line":43,"column":8},"end":{"line":43,"column":20}},"loc":{"start":{"line":43,"column":61},"end":{"line":46,"column":null}},"line":43},"10":{"name":"(anonymous_10)","decl":{"start":{"line":45,"column":30},"end":{"line":45,"column":35}},"loc":{"start":{"line":45,"column":35},"end":{"line":45,"column":null}},"line":45},"11":{"name":"(anonymous_11)","decl":{"start":{"line":49,"column":8},"end":{"line":49,"column":20}},"loc":{"start":{"line":49,"column":32},"end":{"line":51,"column":null}},"line":49},"12":{"name":"(anonymous_12)","decl":{"start":{"line":51,"column":30},"end":{"line":51,"column":38}},"loc":{"start":{"line":51,"column":38},"end":{"line":51,"column":null}},"line":51},"13":{"name":"(anonymous_13)","decl":{"start":{"line":54,"column":8},"end":{"line":54,"column":22}},"loc":{"start":{"line":54,"column":37},"end":{"line":57,"column":null}},"line":54},"14":{"name":"(anonymous_14)","decl":{"start":{"line":56,"column":24},"end":{"line":56,"column":29}},"loc":{"start":{"line":56,"column":36},"end":{"line":56,"column":null}},"line":56},"15":{"name":"(anonymous_15)","decl":{"start":{"line":56,"column":48},"end":{"line":56,"column":54}},"loc":{"start":{"line":56,"column":54},"end":{"line":56,"column":null}},"line":56},"16":{"name":"(anonymous_16)","decl":{"start":{"line":60,"column":8},"end":{"line":60,"column":24}},"loc":{"start":{"line":60,"column":24},"end":{"line":61,"column":null}},"line":60},"17":{"name":"(anonymous_17)","decl":{"start":{"line":64,"column":8},"end":{"line":64,"column":21}},"loc":{"start":{"line":64,"column":47},"end":{"line":68,"column":null}},"line":64},"18":{"name":"(anonymous_18)","decl":{"start":{"line":71,"column":8},"end":{"line":71,"column":22}},"loc":{"start":{"line":71,"column":47},"end":{"line":75,"column":null}},"line":71},"19":{"name":"(anonymous_19)","decl":{"start":{"line":78,"column":8},"end":{"line":78,"column":27}},"loc":{"start":{"line":78,"column":27},"end":{"line":80,"column":null}},"line":78}},"branchMap":{"0":{"loc":{"start":{"line":20,"column":8},"end":{"line":20,"column":null}},"type":"if","locations":[{"start":{"line":20,"column":8},"end":{"line":20,"column":null}},{"start":{},"end":{}}],"line":20},"1":{"loc":{"start":{"line":30,"column":8},"end":{"line":32,"column":null}},"type":"if","locations":[{"start":{"line":30,"column":8},"end":{"line":32,"column":null}},{"start":{},"end":{}}],"line":30},"2":{"loc":{"start":{"line":45,"column":35},"end":{"line":45,"column":null}},"type":"cond-expr","locations":[{"start":{"line":45,"column":56},"end":{"line":45,"column":66}},{"start":{"line":45,"column":66},"end":{"line":45,"column":null}}],"line":45},"3":{"loc":{"start":{"line":79,"column":8},"end":{"line":79,"column":null}},"type":"if","locations":[{"start":{"line":79,"column":8},"end":{"line":79,"column":null}},{"start":{},"end":{}}],"line":79}},"s":{"0":1,"1":1,"2":1,"3":1,"4":2,"5":1,"6":1,"7":1,"8":1,"9":2,"10":1,"11":1,"12":1,"13":1,"14":3,"15":3,"16":3,"17":1,"18":1,"19":3,"20":1,"21":1,"22":1,"23":2,"24":2,"25":3,"26":2,"27":1,"28":1,"29":2,"30":1,"31":1,"32":3,"33":6,"34":1,"35":1,"36":1,"37":1,"38":1,"39":1,"40":2,"41":2,"42":2,"43":2,"44":2,"45":1,"46":1,"47":1},"f":{"0":32,"1":61,"2":37,"3":31,"4":2,"5":1,"6":2,"7":3,"8":1,"9":2,"10":3,"11":1,"12":2,"13":1,"14":3,"15":6,"16":1,"17":1,"18":2,"19":2},"b":{"0":[1,1],"1":[1,2],"2":[1,2],"3":[1,1]},"meta":{"lastBranch":4,"lastFunction":20,"lastStatement":48,"seen":{"s:5:13:5:Infinity":0,"s:6:11:6:Infinity":1,"s:7:15:7:Infinity":2,"s:8:19:8:Infinity":3,"f:5:2:5:13":0,"f:6:2:6:11":1,"f:7:2:7:15":2,"f:8:2:8:19":3,"f:10:6:10:15":4,"s:10:24:10:Infinity":4,"f:12:8:12:13":5,"s:13:4:13:Infinity":5,"s:14:4:14:Infinity":6,"s:15:4:15:Infinity":7,"s:16:4:16:Infinity":8,"f:19:8:19:21":6,"b:20:8:20:Infinity:undefined:undefined:undefined:undefined":0,"s:20:8:20:Infinity":9,"s:20:28:20:Infinity":10,"s:21:10:21:Infinity":11,"s:22:4:22:Infinity":12,"s:23:11:23:Infinity":13,"f:26:8:26:22":7,"s:27:18:27:Infinity":14,"s:28:4:28:Infinity":15,"b:30:8:32:Infinity:undefined:undefined:undefined:undefined":1,"s:30:8:32:Infinity":16,"s:31:6:31:Infinity":17,"s:32:6:32:Infinity":18,"s:34:11:34:Infinity":19,"f:37:8:37:21":8,"s:38:10:38:Infinity":20,"s:39:4:39:Infinity":21,"s:40:11:40:Infinity":22,"f:43:8:43:20":9,"s:44:10:44:Infinity":23,"s:45:4:45:Infinity":24,"f:45:30:45:35":10,"s:45:35:45:Infinity":25,"b:45:56:45:66:45:66:45:Infinity":2,"s:46:11:46:Infinity":26,"f:49:8:49:20":11,"s:50:10:50:Infinity":27,"s:51:4:51:Infinity":28,"f:51:30:51:38":12,"s:51:38:51:Infinity":29,"f:54:8:54:22":13,"s:55:10:55:Infinity":30,"s:56:20:56:Infinity":31,"f:56:24:56:29":14,"s:56:36:56:Infinity":32,"f:56:48:56:54":15,"s:56:54:56:Infinity":33,"s:57:4:57:Infinity":34,"f:60:8:60:24":16,"s:61:4:61:Infinity":35,"f:64:8:64:21":17,"s:65:4:65:Infinity":36,"s:66:4:66:Infinity":37,"s:67:4:67:Infinity":38,"s:68:4:68:Infinity":39,"f:71:8:71:22":18,"s:72:4:72:Infinity":40,"s:73:4:73:Infinity":41,"s:74:4:74:Infinity":42,"s:75:4:75:Infinity":43,"f:78:8:78:27":19,"b:79:8:79:Infinity:undefined:undefined:undefined:undefined":3,"s:79:8:79:Infinity":44,"s:79:39:79:Infinity":45,"s:80:10:80:Infinity":46,"s:84:13:84:Infinity":47}}}
,"/home/joseph/Projects/gif-editor/src/lib/stores/ui.svelte.ts": {"path":"/home/joseph/Projects/gif-editor/src/lib/stores/ui.svelte.ts","statementMap":{"0":{"start":{"line":2,"column":20},"end":{"line":2,"column":null}},"1":{"start":{"line":3,"column":17},"end":{"line":3,"column":null}},"2":{"start":{"line":4,"column":14},"end":{"line":4,"column":null}},"3":{"start":{"line":5,"column":18},"end":{"line":5,"column":null}},"4":{"start":{"line":6,"column":18},"end":{"line":6,"column":null}},"5":{"start":{"line":7,"column":20},"end":{"line":7,"column":null}},"6":{"start":{"line":9,"column":35},"end":{"line":9,"column":null}},"7":{"start":{"line":10,"column":28},"end":{"line":10,"column":null}},"8":{"start":{"line":11,"column":21},"end":{"line":11,"column":null}},"9":{"start":{"line":12,"column":36},"end":{"line":12,"column":null}},"10":{"start":{"line":13,"column":26},"end":{"line":13,"column":null}},"11":{"start":{"line":16,"column":13},"end":{"line":16,"column":null}}},"fnMap":{"0":{"name":"(anonymous_0)","decl":{"start":{"line":2,"column":2},"end":{"line":2,"column":20}},"loc":{"start":{"line":2,"column":2},"end":{"line":2,"column":20}},"line":2},"1":{"name":"(anonymous_1)","decl":{"start":{"line":3,"column":2},"end":{"line":3,"column":17}},"loc":{"start":{"line":3,"column":2},"end":{"line":3,"column":17}},"line":3},"2":{"name":"(anonymous_2)","decl":{"start":{"line":4,"column":2},"end":{"line":4,"column":14}},"loc":{"start":{"line":4,"column":2},"end":{"line":4,"column":14}},"line":4},"3":{"name":"(anonymous_3)","decl":{"start":{"line":5,"column":2},"end":{"line":5,"column":18}},"loc":{"start":{"line":5,"column":2},"end":{"line":5,"column":18}},"line":5},"4":{"name":"(anonymous_4)","decl":{"start":{"line":6,"column":2},"end":{"line":6,"column":18}},"loc":{"start":{"line":6,"column":2},"end":{"line":6,"column":18}},"line":6},"5":{"name":"(anonymous_5)","decl":{"start":{"line":7,"column":2},"end":{"line":7,"column":20}},"loc":{"start":{"line":7,"column":2},"end":{"line":7,"column":20}},"line":7},"6":{"name":"(anonymous_6)","decl":{"start":{"line":9,"column":2},"end":{"line":9,"column":14}},"loc":{"start":{"line":9,"column":33},"end":{"line":9,"column":null}},"line":9},"7":{"name":"(anonymous_7)","decl":{"start":{"line":10,"column":2},"end":{"line":10,"column":11}},"loc":{"start":{"line":10,"column":26},"end":{"line":10,"column":null}},"line":10},"8":{"name":"(anonymous_8)","decl":{"start":{"line":11,"column":2},"end":{"line":11,"column":19}},"loc":{"start":{"line":11,"column":19},"end":{"line":11,"column":null}},"line":11},"9":{"name":"(anonymous_9)","decl":{"start":{"line":12,"column":2},"end":{"line":12,"column":19}},"loc":{"start":{"line":12,"column":34},"end":{"line":12,"column":null}},"line":12},"10":{"name":"(anonymous_10)","decl":{"start":{"line":13,"column":2},"end":{"line":13,"column":24}},"loc":{"start":{"line":13,"column":24},"end":{"line":13,"column":null}},"line":13}},"branchMap":{},"s":{"0":1,"1":1,"2":1,"3":1,"4":1,"5":1,"6":14,"7":14,"8":2,"9":1,"10":2,"11":1},"f":{"0":16,"1":16,"2":19,"3":13,"4":19,"5":14,"6":14,"7":14,"8":2,"9":1,"10":2},"b":{},"meta":{"lastBranch":0,"lastFunction":11,"lastStatement":12,"seen":{"s:2:20:2:Infinity":0,"s:3:17:3:Infinity":1,"s:4:14:4:Infinity":2,"s:5:18:5:Infinity":3,"s:6:18:6:Infinity":4,"s:7:20:7:Infinity":5,"f:2:2:2:20":0,"f:3:2:3:17":1,"f:4:2:4:14":2,"f:5:2:5:18":3,"f:6:2:6:18":4,"f:7:2:7:20":5,"f:9:2:9:14":6,"s:9:35:9:Infinity":6,"f:10:2:10:11":7,"s:10:28:10:Infinity":7,"f:11:2:11:19":8,"s:11:21:11:Infinity":8,"f:12:2:12:19":9,"s:12:36:12:Infinity":9,"f:13:2:13:24":10,"s:13:26:13:Infinity":10,"s:16:13:16:Infinity":11}}}
,"/home/joseph/Projects/gif-editor/src/lib/utils/canvas-renderer.ts": {"path":"/home/joseph/Projects/gif-editor/src/lib/utils/canvas-renderer.ts","statementMap":{"0":{"start":{"line":4,"column":19},"end":{"line":4,"column":54}},"1":{"start":{"line":7,"column":2},"end":{"line":7,"column":null}},"2":{"start":{"line":7,"column":27},"end":{"line":7,"column":null}},"3":{"start":{"line":8,"column":2},"end":{"line":13,"column":null}},"4":{"start":{"line":9,"column":16},"end":{"line":9,"column":27}},"5":{"start":{"line":10,"column":4},"end":{"line":10,"column":null}},"6":{"start":{"line":10,"column":25},"end":{"line":10,"column":51}},"7":{"start":{"line":10,"column":51},"end":{"line":10,"column":null}},"8":{"start":{"line":11,"column":4},"end":{"line":11,"column":null}},"9":{"start":{"line":12,"column":4},"end":{"line":12,"column":null}},"10":{"start":{"line":20,"column":2},"end":{"line":20,"column":null}},"11":{"start":{"line":20,"column":44},"end":{"line":20,"column":null}},"12":{"start":{"line":22,"column":2},"end":{"line":23,"column":null}},"13":{"start":{"line":23,"column":4},"end":{"line":23,"column":null}},"14":{"start":{"line":26,"column":15},"end":{"line":26,"column":null}},"15":{"start":{"line":27,"column":2},"end":{"line":28,"column":null}},"16":{"start":{"line":28,"column":4},"end":{"line":28,"column":null}},"17":{"start":{"line":31,"column":2},"end":{"line":43,"column":null}},"18":{"start":{"line":31,"column":15},"end":{"line":31,"column":18}},"19":{"start":{"line":32,"column":14},"end":{"line":32,"column":null}},"20":{"start":{"line":33,"column":14},"end":{"line":33,"column":null}},"21":{"start":{"line":34,"column":4},"end":{"line":43,"column":null}},"22":{"start":{"line":35,"column":19},"end":{"line":35,"column":null}},"23":{"start":{"line":36,"column":16},"end":{"line":36,"column":null}},"24":{"start":{"line":37,"column":6},"end":{"line":43,"column":null}},"25":{"start":{"line":47,"column":2},"end":{"line":47,"column":null}},"26":{"start":{"line":56,"column":28},"end":{"line":56,"column":null}},"27":{"start":{"line":57,"column":2},"end":{"line":57,"column":null}},"28":{"start":{"line":60,"column":8},"end":{"line":60,"column":44}},"29":{"start":{"line":61,"column":18},"end":{"line":61,"column":43}},"30":{"start":{"line":62,"column":2},"end":{"line":62,"column":null}},"31":{"start":{"line":65,"column":2},"end":{"line":99,"column":null}},"32":{"start":{"line":66,"column":4},"end":{"line":66,"column":null}},"33":{"start":{"line":66,"column":24},"end":{"line":66,"column":null}},"34":{"start":{"line":67,"column":25},"end":{"line":67,"column":null}},"35":{"start":{"line":68,"column":4},"end":{"line":68,"column":null}},"36":{"start":{"line":68,"column":48},"end":{"line":68,"column":null}},"37":{"start":{"line":70,"column":19},"end":{"line":70,"column":68}},"38":{"start":{"line":71,"column":21},"end":{"line":71,"column":null}},"39":{"start":{"line":72,"column":25},"end":{"line":72,"column":null}},"40":{"start":{"line":74,"column":4},"end":{"line":74,"column":null}},"41":{"start":{"line":75,"column":4},"end":{"line":75,"column":null}},"42":{"start":{"line":78,"column":4},"end":{"line":78,"column":null}},"43":{"start":{"line":80,"column":4},"end":{"line":96,"column":null}},"44":{"start":{"line":81,"column":6},"end":{"line":81,"column":null}},"45":{"start":{"line":81,"column":32},"end":{"line":81,"column":47}},"46":{"start":{"line":81,"column":47},"end":{"line":81,"column":null}},"47":{"start":{"line":82,"column":18},"end":{"line":82,"column":68}},"48":{"start":{"line":83,"column":6},"end":{"line":83,"column":null}},"49":{"start":{"line":84,"column":15},"end":{"line":96,"column":null}},"50":{"start":{"line":85,"column":23},"end":{"line":85,"column":null}},"51":{"start":{"line":86,"column":6},"end":{"line":86,"column":null}},"52":{"start":{"line":87,"column":6},"end":{"line":87,"column":null}},"53":{"start":{"line":88,"column":6},"end":{"line":92,"column":null}},"54":{"start":{"line":89,"column":8},"end":{"line":89,"column":null}},"55":{"start":{"line":90,"column":8},"end":{"line":90,"column":null}},"56":{"start":{"line":91,"column":8},"end":{"line":91,"column":null}},"57":{"start":{"line":92,"column":8},"end":{"line":92,"column":null}},"58":{"start":{"line":94,"column":27},"end":{"line":94,"column":null}},"59":{"start":{"line":95,"column":6},"end":{"line":95,"column":null}},"60":{"start":{"line":96,"column":6},"end":{"line":96,"column":null}},"61":{"start":{"line":99,"column":4},"end":{"line":99,"column":null}}},"fnMap":{"0":{"name":"loadImage","decl":{"start":{"line":6,"column":15},"end":{"line":6,"column":25}},"loc":{"start":{"line":6,"column":65},"end":{"line":13,"column":null}},"line":6},"1":{"name":"(anonymous_1)","decl":{"start":{"line":8,"column":13},"end":{"line":8,"column":22}},"loc":{"start":{"line":8,"column":42},"end":{"line":13,"column":null}},"line":8},"2":{"name":"(anonymous_2)","decl":{"start":{"line":10,"column":8},"end":{"line":10,"column":23}},"loc":{"start":{"line":10,"column":23},"end":{"line":10,"column":null}},"line":10},"3":{"name":"interpolateKeyframes","decl":{"start":{"line":16,"column":16},"end":{"line":16,"column":null}},"loc":{"start":{"line":19,"column":58},"end":{"line":47,"column":null}},"line":19},"4":{"name":"renderFrame","decl":{"start":{"line":50,"column":22},"end":{"line":50,"column":null}},"loc":{"start":{"line":55,"column":2},"end":{"line":99,"column":null}},"line":55}},"branchMap":{"0":{"loc":{"start":{"line":7,"column":2},"end":{"line":7,"column":null}},"type":"if","locations":[{"start":{"line":7,"column":2},"end":{"line":7,"column":null}},{"start":{},"end":{}}],"line":7},"1":{"loc":{"start":{"line":20,"column":2},"end":{"line":20,"column":null}},"type":"if","locations":[{"start":{"line":20,"column":2},"end":{"line":20,"column":null}},{"start":{},"end":{}}],"line":20},"2":{"loc":{"start":{"line":20,"column":6},"end":{"line":20,"column":44}},"type":"binary-expr","locations":[{"start":{"line":20,"column":6},"end":{"line":20,"column":20}},{"start":{"line":20,"column":20},"end":{"line":20,"column":44}}],"line":20},"3":{"loc":{"start":{"line":22,"column":2},"end":{"line":23,"column":null}},"type":"if","locations":[{"start":{"line":22,"column":2},"end":{"line":23,"column":null}},{"start":{},"end":{}}],"line":22},"4":{"loc":{"start":{"line":27,"column":2},"end":{"line":28,"column":null}},"type":"if","locations":[{"start":{"line":27,"column":2},"end":{"line":28,"column":null}},{"start":{},"end":{}}],"line":27},"5":{"loc":{"start":{"line":34,"column":4},"end":{"line":43,"column":null}},"type":"if","locations":[{"start":{"line":34,"column":4},"end":{"line":43,"column":null}},{"start":{},"end":{}}],"line":34},"6":{"loc":{"start":{"line":34,"column":8},"end":{"line":34,"column":56}},"type":"binary-expr","locations":[{"start":{"line":34,"column":8},"end":{"line":34,"column":33}},{"start":{"line":34,"column":33},"end":{"line":34,"column":56}}],"line":34},"7":{"loc":{"start":{"line":36,"column":16},"end":{"line":36,"column":null}},"type":"cond-expr","locations":[{"start":{"line":36,"column":23},"end":{"line":36,"column":59}},{"start":{"line":36,"column":59},"end":{"line":36,"column":null}}],"line":36},"8":{"loc":{"start":{"line":66,"column":4},"end":{"line":66,"column":null}},"type":"if","locations":[{"start":{"line":66,"column":4},"end":{"line":66,"column":null}},{"start":{},"end":{}}],"line":66},"9":{"loc":{"start":{"line":68,"column":4},"end":{"line":68,"column":null}},"type":"if","locations":[{"start":{"line":68,"column":4},"end":{"line":68,"column":null}},{"start":{},"end":{}}],"line":68},"10":{"loc":{"start":{"line":68,"column":8},"end":{"line":68,"column":48}},"type":"binary-expr","locations":[{"start":{"line":68,"column":8},"end":{"line":68,"column":30}},{"start":{"line":68,"column":30},"end":{"line":68,"column":48}}],"line":68},"11":{"loc":{"start":{"line":71,"column":21},"end":{"line":71,"column":null}},"type":"cond-expr","locations":[{"start":{"line":71,"column":30},"end":{"line":71,"column":48}},{"start":{"line":71,"column":48},"end":{"line":71,"column":null}}],"line":71},"12":{"loc":{"start":{"line":72,"column":25},"end":{"line":72,"column":null}},"type":"cond-expr","locations":[{"start":{"line":72,"column":34},"end":{"line":72,"column":51}},{"start":{"line":72,"column":51},"end":{"line":72,"column":null}}],"line":72},"13":{"loc":{"start":{"line":80,"column":4},"end":{"line":96,"column":null}},"type":"if","locations":[{"start":{"line":80,"column":4},"end":{"line":96,"column":null}},{"start":{"line":84,"column":15},"end":{"line":96,"column":null}}],"line":80},"14":{"loc":{"start":{"line":81,"column":6},"end":{"line":81,"column":null}},"type":"if","locations":[{"start":{"line":81,"column":6},"end":{"line":81,"column":null}},{"start":{},"end":{}}],"line":81},"15":{"loc":{"start":{"line":84,"column":15},"end":{"line":96,"column":null}},"type":"if","locations":[{"start":{"line":84,"column":15},"end":{"line":96,"column":null}},{"start":{},"end":{}}],"line":84},"16":{"loc":{"start":{"line":85,"column":23},"end":{"line":85,"column":null}},"type":"binary-expr","locations":[{"start":{"line":85,"column":23},"end":{"line":85,"column":42}},{"start":{"line":85,"column":42},"end":{"line":85,"column":null}}],"line":85},"17":{"loc":{"start":{"line":86,"column":35},"end":{"line":86,"column":65}},"type":"binary-expr","locations":[{"start":{"line":86,"column":35},"end":{"line":86,"column":56}},{"start":{"line":86,"column":56},"end":{"line":86,"column":65}}],"line":86},"18":{"loc":{"start":{"line":88,"column":6},"end":{"line":92,"column":null}},"type":"if","locations":[{"start":{"line":88,"column":6},"end":{"line":92,"column":null}},{"start":{},"end":{}}],"line":88},"19":{"loc":{"start":{"line":92,"column":23},"end":{"line":92,"column":41}},"type":"binary-expr","locations":[{"start":{"line":92,"column":23},"end":{"line":92,"column":37}},{"start":{"line":92,"column":37},"end":{"line":92,"column":41}}],"line":92},"20":{"loc":{"start":{"line":94,"column":27},"end":{"line":94,"column":null}},"type":"binary-expr","locations":[{"start":{"line":94,"column":27},"end":{"line":94,"column":42}},{"start":{"line":94,"column":42},"end":{"line":94,"column":null}}],"line":94},"21":{"loc":{"start":{"line":96,"column":19},"end":{"line":96,"column":37}},"type":"binary-expr","locations":[{"start":{"line":96,"column":19},"end":{"line":96,"column":33}},{"start":{"line":96,"column":33},"end":{"line":96,"column":37}}],"line":96}},"s":{"0":1,"1":38,"2":32,"3":6,"4":6,"5":6,"6":6,"7":6,"8":6,"9":6,"10":23,"11":14,"12":9,"13":3,"14":6,"15":6,"16":2,"17":4,"18":4,"19":6,"20":6,"21":6,"22":3,"23":3,"24":3,"25":1,"26":24,"27":24,"28":24,"29":24,"30":24,"31":24,"32":24,"33":1,"34":23,"35":23,"36":2,"37":21,"38":21,"39":24,"40":24,"41":24,"42":24,"43":24,"44":15,"45":1,"46":1,"47":14,"48":14,"49":6,"50":5,"51":5,"52":5,"53":5,"54":2,"55":2,"56":2,"57":2,"58":5,"59":5,"60":5,"61":20},"f":{"0":38,"1":6,"2":6,"3":23,"4":24},"b":{"0":[32,6],"1":[14,9],"2":[23,23],"3":[3,6],"4":[2,4],"5":[3,3],"6":[6,4],"7":[2,1],"8":[1,23],"9":[2,21],"10":[23,22],"11":[7,14],"12":[7,14],"13":[15,6],"14":[1,14],"15":[5,1],"16":[5,3],"17":[5,3],"18":[2,3],"19":[2,1],"20":[5,3],"21":[5,2]},"meta":{"lastBranch":22,"lastFunction":5,"lastStatement":62,"seen":{"s:4:19:4:54":0,"f:6:15:6:25":0,"b:7:2:7:Infinity:undefined:undefined:undefined:undefined":0,"s:7:2:7:Infinity":1,"s:7:27:7:Infinity":2,"s:8:2:13:Infinity":3,"f:8:13:8:22":1,"s:9:16:9:27":4,"s:10:4:10:Infinity":5,"f:10:8:10:23":2,"s:10:25:10:51":6,"s:10:51:10:Infinity":7,"s:11:4:11:Infinity":8,"s:12:4:12:Infinity":9,"f:16:16:16:Infinity":3,"b:20:2:20:Infinity:undefined:undefined:undefined:undefined":1,"s:20:2:20:Infinity":10,"b:20:6:20:20:20:20:20:44":2,"s:20:44:20:Infinity":11,"b:22:2:23:Infinity:undefined:undefined:undefined:undefined":3,"s:22:2:23:Infinity":12,"s:23:4:23:Infinity":13,"s:26:15:26:Infinity":14,"b:27:2:28:Infinity:undefined:undefined:undefined:undefined":4,"s:27:2:28:Infinity":15,"s:28:4:28:Infinity":16,"s:31:2:43:Infinity":17,"s:31:15:31:18":18,"s:32:14:32:Infinity":19,"s:33:14:33:Infinity":20,"b:34:4:43:Infinity:undefined:undefined:undefined:undefined":5,"s:34:4:43:Infinity":21,"b:34:8:34:33:34:33:34:56":6,"s:35:19:35:Infinity":22,"s:36:16:36:Infinity":23,"b:36:23:36:59:36:59:36:Infinity":7,"s:37:6:43:Infinity":24,"s:47:2:47:Infinity":25,"f:50:22:50:Infinity":4,"s:56:28:56:Infinity":26,"s:57:2:57:Infinity":27,"s:60:8:60:44":28,"s:61:18:61:43":29,"s:62:2:62:Infinity":30,"s:65:2:99:Infinity":31,"b:66:4:66:Infinity:undefined:undefined:undefined:undefined":8,"s:66:4:66:Infinity":32,"s:66:24:66:Infinity":33,"s:67:25:67:Infinity":34,"b:68:4:68:Infinity:undefined:undefined:undefined:undefined":9,"s:68:4:68:Infinity":35,"b:68:8:68:30:68:30:68:48":10,"s:68:48:68:Infinity":36,"s:70:19:70:68":37,"s:71:21:71:Infinity":38,"b:71:30:71:48:71:48:71:Infinity":11,"s:72:25:72:Infinity":39,"b:72:34:72:51:72:51:72:Infinity":12,"s:74:4:74:Infinity":40,"s:75:4:75:Infinity":41,"s:78:4:78:Infinity":42,"b:80:4:96:Infinity:84:15:96:Infinity":13,"s:80:4:96:Infinity":43,"b:81:6:81:Infinity:undefined:undefined:undefined:undefined":14,"s:81:6:81:Infinity":44,"s:81:32:81:47":45,"s:81:47:81:Infinity":46,"s:82:18:82:68":47,"s:83:6:83:Infinity":48,"b:84:15:96:Infinity:undefined:undefined:undefined:undefined":15,"s:84:15:96:Infinity":49,"s:85:23:85:Infinity":50,"b:85:23:85:42:85:42:85:Infinity":16,"s:86:6:86:Infinity":51,"b:86:35:86:56:86:56:86:65":17,"s:87:6:87:Infinity":52,"b:88:6:92:Infinity:undefined:undefined:undefined:undefined":18,"s:88:6:92:Infinity":53,"s:89:8:89:Infinity":54,"s:90:8:90:Infinity":55,"s:91:8:91:Infinity":56,"s:92:8:92:Infinity":57,"b:92:23:92:37:92:37:92:41":19,"s:94:27:94:Infinity":58,"b:94:27:94:42:94:42:94:Infinity":20,"s:95:6:95:Infinity":59,"s:96:6:96:Infinity":60,"b:96:19:96:33:96:33:96:37":21,"s:99:4:99:Infinity":61}}}
,"/home/joseph/Projects/gif-editor/src/lib/utils/drag.ts": {"path":"/home/joseph/Projects/gif-editor/src/lib/utils/drag.ts","statementMap":{"0":{"start":{"line":15,"column":15},"end":{"line":15,"column":null}},"1":{"start":{"line":16,"column":15},"end":{"line":16,"column":null}},"2":{"start":{"line":19,"column":4},"end":{"line":19,"column":null}},"3":{"start":{"line":20,"column":4},"end":{"line":20,"column":null}},"4":{"start":{"line":21,"column":5},"end":{"line":21,"column":null}},"5":{"start":{"line":22,"column":4},"end":{"line":22,"column":null}},"6":{"start":{"line":23,"column":4},"end":{"line":23,"column":null}},"7":{"start":{"line":27,"column":4},"end":{"line":27,"column":null}},"8":{"start":{"line":31,"column":4},"end":{"line":31,"column":null}},"9":{"start":{"line":32,"column":4},"end":{"line":32,"column":null}},"10":{"start":{"line":33,"column":4},"end":{"line":33,"column":null}},"11":{"start":{"line":36,"column":2},"end":{"line":36,"column":null}}},"fnMap":{"0":{"name":"createDragHandler","decl":{"start":{"line":11,"column":16},"end":{"line":11,"column":null}},"loc":{"start":{"line":14,"column":2},"end":{"line":36,"column":null}},"line":14},"1":{"name":"onPointerDown","decl":{"start":{"line":18,"column":11},"end":{"line":18,"column":25}},"loc":{"start":{"line":18,"column":42},"end":{"line":23,"column":null}},"line":18},"2":{"name":"onPointerMove","decl":{"start":{"line":26,"column":11},"end":{"line":26,"column":25}},"loc":{"start":{"line":26,"column":42},"end":{"line":27,"column":null}},"line":26},"3":{"name":"onPointerUp","decl":{"start":{"line":30,"column":11},"end":{"line":30,"column":25}},"loc":{"start":{"line":30,"column":25},"end":{"line":33,"column":null}},"line":30}},"branchMap":{},"s":{"0":6,"1":6,"2":6,"3":6,"4":6,"5":6,"6":6,"7":3,"8":6,"9":6,"10":6,"11":6},"f":{"0":6,"1":6,"2":3,"3":6},"b":{},"meta":{"lastBranch":0,"lastFunction":4,"lastStatement":12,"seen":{"f:11:16:11:Infinity":0,"s:15:15:15:Infinity":0,"s:16:15:16:Infinity":1,"f:18:11:18:25":1,"s:19:4:19:Infinity":2,"s:20:4:20:Infinity":3,"s:21:5:21:Infinity":4,"s:22:4:22:Infinity":5,"s:23:4:23:Infinity":6,"f:26:11:26:25":2,"s:27:4:27:Infinity":7,"f:30:11:30:25":3,"s:31:4:31:Infinity":8,"s:32:4:32:Infinity":9,"s:33:4:33:Infinity":10,"s:36:2:36:Infinity":11}}}
}
